# JRE version: OpenJDK Runtime Environment Temurin-17.0.2+8 (17.0.2+8) (build 17.0.2+8)
# Java VM: OpenJDK 64-Bit Server VM Temurin-17.0.2+8 (17.0.2+8, mixed mode, tiered, compressed oops, compressed class ptrs, parallel gc, windows-amd64)
GC Precious Log:
 CPUs: 12 total, 12 available
 Memory: 16229M
 Large Page Support: Disabled
 NUMA Support: Disabled
 Compressed Oops: Enabled (32-bit)
 Alignments: Space 512K, Generation 512K, Heap 2M
 Heap Min Capacity: 100M
 Heap Initial Capacity: 100M
 Heap Max Capacity: 1G
 Pre-touch: Disabled
 Parallel Workers: 10
Heap:
 PSYoungGen      total 23552K, used 11533K [0x00000000eab00000, 0x00000000ec500000, 0x0000000100000000)
  eden space 22016K, 47% used [0x00000000eab00000,0x00000000eb52f370,0x00000000ec080000)
  from space 1536K, 71% used [0x00000000ec380000,0x00000000ec4943c0,0x00000000ec500000)
  to   space 2048K, 0% used [0x00000000ec100000,0x00000000ec100000,0x00000000ec300000)
 ParOldGen       total 68608K, used 30495K [0x00000000c0000000, 0x00000000c4300000, 0x00000000eab00000)
  object space 68608K, 44% used [0x00000000c0000000,0x00000000c1dc7f08,0x00000000c4300000)
 Metaspace       used 52000K, committed 52736K, reserved 1097728K
  class space    used 5625K, committed 5952K, reserved 1048576K
GC Heap History (20 events):
Event: 3.477 GC heap before
{Heap before GC invocations=9 (full 2):
 PSYoungGen      total 29696K, used 25088K [0x00000000eab00000, 0x00000000ecd00000, 0x0000000100000000)
  eden space 25088K, 100% used [0x00000000eab00000,0x00000000ec380000,0x00000000ec380000)
  from space 4608K, 0% used [0x00000000ec880000,0x00000000ec880000,0x00000000ecd00000)
  to   space 4608K, 0% used [0x00000000ec400000,0x00000000ec400000,0x00000000ec880000)
 ParOldGen       total 68608K, used 12402K [0x00000000c0000000, 0x00000000c4300000, 0x00000000eab00000)
  object space 68608K, 18% used [0x00000000c0000000,0x00000000c0c1c958,0x00000000c4300000)
 Metaspace       used 37276K, committed 38016K, reserved 1089536K
  class space    used 3925K, committed 4288K, reserved 1048576K
}
Event: 3.480 GC heap after
{Heap after GC invocations=9 (full 2):
 PSYoungGen      total 27648K, used 2976K [0x00000000eab00000, 0x00000000eca00000, 0x0000000100000000)
  eden space 24576K, 0% used [0x00000000eab00000,0x00000000eab00000,0x00000000ec300000)
  from space 3072K, 96% used [0x00000000ec400000,0x00000000ec6e8020,0x00000000ec700000)
  to   space 3072K, 0% used [0x00000000ec700000,0x00000000ec700000,0x00000000eca00000)
 ParOldGen       total 68608K, used 12410K [0x00000000c0000000, 0x00000000c4300000, 0x00000000eab00000)
  object space 68608K, 18% used [0x00000000c0000000,0x00000000c0c1e958,0x00000000c4300000)
 Metaspace       used 37276K, committed 38016K, reserved 1089536K
  class space    used 3925K, committed 4288K, reserved 1048576K
}
Event: 3.584 GC heap before
{Heap before GC invocations=10 (full 2):
 PSYoungGen      total 27648K, used 27552K [0x00000000eab00000, 0x00000000eca00000, 0x0000000100000000)
  eden space 24576K, 100% used [0x00000000eab00000,0x00000000ec300000,0x00000000ec300000)
  from space 3072K, 96% used [0x00000000ec400000,0x00000000ec6e8020,0x00000000ec700000)
  to   space 3072K, 0% used [0x00000000ec700000,0x00000000ec700000,0x00000000eca00000)
 ParOldGen       total 68608K, used 12410K [0x00000000c0000000, 0x00000000c4300000, 0x00000000eab00000)
  object space 68608K, 18% used [0x00000000c0000000,0x00000000c0c1e958,0x00000000c4300000)
 Metaspace       used 37450K, committed 38144K, reserved 1089536K
  class space    used 3943K, committed 4288K, reserved 1048576K
}
Event: 3.587 GC heap after
{Heap after GC invocations=10 (full 2):
 PSYoungGen      total 26112K, used 3040K [0x00000000eab00000, 0x00000000ecd80000, 0x0000000100000000)
  eden space 23040K, 0% used [0x00000000eab00000,0x00000000eab00000,0x00000000ec180000)
  from space 3072K, 98% used [0x00000000ec700000,0x00000000ec9f8010,0x00000000eca00000)
  to   space 5632K, 0% used [0x00000000ec180000,0x00000000ec180000,0x00000000ec700000)
 ParOldGen       total 68608K, used 14410K [0x00000000c0000000, 0x00000000c4300000, 0x00000000eab00000)
  object space 68608K, 21% used [0x00000000c0000000,0x00000000c0e12978,0x00000000c4300000)
 Metaspace       used 37450K, committed 38144K, reserved 1089536K
  class space    used 3943K, committed 4288K, reserved 1048576K
}
Event: 3.654 GC heap before
{Heap before GC invocations=11 (full 2):
 PSYoungGen      total 26112K, used 26080K [0x00000000eab00000, 0x00000000ecd80000, 0x0000000100000000)
  eden space 23040K, 100% used [0x00000000eab00000,0x00000000ec180000,0x00000000ec180000)
  from space 3072K, 98% used [0x00000000ec700000,0x00000000ec9f8010,0x00000000eca00000)
  to   space 5632K, 0% used [0x00000000ec180000,0x00000000ec180000,0x00000000ec700000)
 ParOldGen       total 68608K, used 14410K [0x00000000c0000000, 0x00000000c4300000, 0x00000000eab00000)
  object space 68608K, 21% used [0x00000000c0000000,0x00000000c0e12978,0x00000000c4300000)
 Metaspace       used 37472K, committed 38208K, reserved 1089536K
  class space    used 3943K, committed 4288K, reserved 1048576K
}
Event: 3.657 GC heap after
{Heap after GC invocations=11 (full 2):
 PSYoungGen      total 28160K, used 5376K [0x00000000eab00000, 0x00000000ecc00000, 0x0000000100000000)
  eden space 22528K, 0% used [0x00000000eab00000,0x00000000eab00000,0x00000000ec100000)
  from space 5632K, 95% used [0x00000000ec180000,0x00000000ec6c0010,0x00000000ec700000)
  to   space 5120K, 0% used [0x00000000ec700000,0x00000000ec700000,0x00000000ecc00000)
 ParOldGen       total 68608K, used 14418K [0x00000000c0000000, 0x00000000c4300000, 0x00000000eab00000)
  object space 68608K, 21% used [0x00000000c0000000,0x00000000c0e14978,0x00000000c4300000)
 Metaspace       used 37472K, committed 38208K, reserved 1089536K
  class space    used 3943K, committed 4288K, reserved 1048576K
}
Event: 3.711 GC heap before
{Heap before GC invocations=12 (full 2):
 PSYoungGen      total 28160K, used 27904K [0x00000000eab00000, 0x00000000ecc00000, 0x0000000100000000)
  eden space 22528K, 100% used [0x00000000eab00000,0x00000000ec100000,0x00000000ec100000)
  from space 5632K, 95% used [0x00000000ec180000,0x00000000ec6c0010,0x00000000ec700000)
  to   space 5120K, 0% used [0x00000000ec700000,0x00000000ec700000,0x00000000ecc00000)
 ParOldGen       total 68608K, used 14418K [0x00000000c0000000, 0x00000000c4300000, 0x00000000eab00000)
  object space 68608K, 21% used [0x00000000c0000000,0x00000000c0e14978,0x00000000c4300000)
 Metaspace       used 37518K, committed 38208K, reserved 1089536K
  class space    used 3955K, committed 4288K, reserved 1048576K
}
Event: 3.716 GC heap after
{Heap after GC invocations=12 (full 2):
 PSYoungGen      total 27136K, used 4915K [0x00000000eab00000, 0x00000000ecc00000, 0x0000000100000000)
  eden space 22016K, 0% used [0x00000000eab00000,0x00000000eab00000,0x00000000ec080000)
  from space 5120K, 96% used [0x00000000ec700000,0x00000000ecbccf80,0x00000000ecc00000)
  to   space 5120K, 0% used [0x00000000ec200000,0x00000000ec200000,0x00000000ec700000)
 ParOldGen       total 68608K, used 17424K [0x00000000c0000000, 0x00000000c4300000, 0x00000000eab00000)
  object space 68608K, 25% used [0x00000000c0000000,0x00000000c1104028,0x00000000c4300000)
 Metaspace       used 37518K, committed 38208K, reserved 1089536K
  class space    used 3955K, committed 4288K, reserved 1048576K
}
Event: 3.755 GC heap before
{Heap before GC invocations=13 (full 2):
 PSYoungGen      total 27136K, used 26931K [0x00000000eab00000, 0x00000000ecc00000, 0x0000000100000000)
  eden space 22016K, 100% used [0x00000000eab00000,0x00000000ec080000,0x00000000ec080000)
  from space 5120K, 96% used [0x00000000ec700000,0x00000000ecbccf80,0x00000000ecc00000)
  to   space 5120K, 0% used [0x00000000ec200000,0x00000000ec200000,0x00000000ec700000)
 ParOldGen       total 68608K, used 17424K [0x00000000c0000000, 0x00000000c4300000, 0x00000000eab00000)
  object space 68608K, 25% used [0x00000000c0000000,0x00000000c1104028,0x00000000c4300000)
 Metaspace       used 37520K, committed 38208K, reserved 1089536K
  class space    used 3955K, committed 4288K, reserved 1048576K
}
Event: 3.760 GC heap after
{Heap after GC invocations=13 (full 2):
 PSYoungGen      total 25088K, used 2624K [0x00000000eab00000, 0x00000000ec780000, 0x0000000100000000)
  eden space 22016K, 0% used [0x00000000eab00000,0x00000000eab00000,0x00000000ec080000)
  from space 3072K, 85% used [0x00000000ec200000,0x00000000ec490010,0x00000000ec500000)
  to   space 2560K, 0% used [0x00000000ec500000,0x00000000ec500000,0x00000000ec780000)
 ParOldGen       total 68608K, used 22106K [0x00000000c0000000, 0x00000000c4300000, 0x00000000eab00000)
  object space 68608K, 32% used [0x00000000c0000000,0x00000000c1596840,0x00000000c4300000)
 Metaspace       used 37520K, committed 38208K, reserved 1089536K
  class space    used 3955K, committed 4288K, reserved 1048576K
}
Event: 3.806 GC heap before
{Heap before GC invocations=14 (full 2):
 PSYoungGen      total 25088K, used 24640K [0x00000000eab00000, 0x00000000ec780000, 0x0000000100000000)
  eden space 22016K, 100% used [0x00000000eab00000,0x00000000ec080000,0x00000000ec080000)
  from space 3072K, 85% used [0x00000000ec200000,0x00000000ec490010,0x00000000ec500000)
  to   space 2560K, 0% used [0x00000000ec500000,0x00000000ec500000,0x00000000ec780000)
 ParOldGen       total 68608K, used 22106K [0x00000000c0000000, 0x00000000c4300000, 0x00000000eab00000)
  object space 68608K, 32% used [0x00000000c0000000,0x00000000c1596840,0x00000000c4300000)
 Metaspace       used 37984K, committed 38720K, reserved 1089536K
  class space    used 4034K, committed 4416K, reserved 1048576K
}
Event: 3.810 GC heap after
{Heap after GC invocations=14 (full 2):
 PSYoungGen      total 24064K, used 2048K [0x00000000eab00000, 0x00000000ec700000, 0x0000000100000000)
  eden space 22016K, 0% used [0x00000000eab00000,0x00000000eab00000,0x00000000ec080000)
  from space 2048K, 100% used [0x00000000ec500000,0x00000000ec700000,0x00000000ec700000)
  to   space 2560K, 0% used [0x00000000ec200000,0x00000000ec200000,0x00000000ec480000)
 ParOldGen       total 68608K, used 24618K [0x00000000c0000000, 0x00000000c4300000, 0x00000000eab00000)
  object space 68608K, 35% used [0x00000000c0000000,0x00000000c180a850,0x00000000c4300000)
 Metaspace       used 37984K, committed 38720K, reserved 1089536K
  class space    used 4034K, committed 4416K, reserved 1048576K
}
Event: 4.010 GC heap before
{Heap before GC invocations=15 (full 2):
 PSYoungGen      total 24064K, used 24064K [0x00000000eab00000, 0x00000000ec700000, 0x0000000100000000)
  eden space 22016K, 100% used [0x00000000eab00000,0x00000000ec080000,0x00000000ec080000)
  from space 2048K, 100% used [0x00000000ec500000,0x00000000ec700000,0x00000000ec700000)
  to   space 2560K, 0% used [0x00000000ec200000,0x00000000ec200000,0x00000000ec480000)
 ParOldGen       total 68608K, used 24618K [0x00000000c0000000, 0x00000000c4300000, 0x00000000eab00000)
  object space 68608K, 35% used [0x00000000c0000000,0x00000000c180a850,0x00000000c4300000)
 Metaspace       used 40047K, committed 40768K, reserved 1089536K
  class space    used 4284K, committed 4608K, reserved 1048576K
}
Event: 4.013 GC heap after
{Heap after GC invocations=15 (full 2):
 PSYoungGen      total 24064K, used 1862K [0x00000000eab00000, 0x00000000ec580000, 0x0000000100000000)
  eden space 22016K, 0% used [0x00000000eab00000,0x00000000eab00000,0x00000000ec080000)
  from space 2048K, 90% used [0x00000000ec200000,0x00000000ec3d1b48,0x00000000ec400000)
  to   space 1536K, 0% used [0x00000000ec400000,0x00000000ec400000,0x00000000ec580000)
 ParOldGen       total 68608K, used 26574K [0x00000000c0000000, 0x00000000c4300000, 0x00000000eab00000)
  object space 68608K, 38% used [0x00000000c0000000,0x00000000c19f3ba8,0x00000000c4300000)
 Metaspace       used 40047K, committed 40768K, reserved 1089536K
  class space    used 4284K, committed 4608K, reserved 1048576K
}
Event: 4.298 GC heap before
{Heap before GC invocations=16 (full 2):
 PSYoungGen      total 24064K, used 23878K [0x00000000eab00000, 0x00000000ec580000, 0x0000000100000000)
  eden space 22016K, 100% used [0x00000000eab00000,0x00000000ec080000,0x00000000ec080000)
  from space 2048K, 90% used [0x00000000ec200000,0x00000000ec3d1b48,0x00000000ec400000)
  to   space 1536K, 0% used [0x00000000ec400000,0x00000000ec400000,0x00000000ec580000)
 ParOldGen       total 68608K, used 26574K [0x00000000c0000000, 0x00000000c4300000, 0x00000000eab00000)
  object space 68608K, 38% used [0x00000000c0000000,0x00000000c19f3ba8,0x00000000c4300000)
 Metaspace       used 42187K, committed 42880K, reserved 1089536K
  class space    used 4560K, committed 4864K, reserved 1048576K
}
Event: 4.300 GC heap after
{Heap after GC invocations=16 (full 2):
 PSYoungGen      total 23040K, used 704K [0x00000000eab00000, 0x00000000ec500000, 0x0000000100000000)
  eden space 22016K, 0% used [0x00000000eab00000,0x00000000eab00000,0x00000000ec080000)
  from space 1024K, 68% used [0x00000000ec400000,0x00000000ec4b0000,0x00000000ec500000)
  to   space 1536K, 0% used [0x00000000ec200000,0x00000000ec200000,0x00000000ec380000)
 ParOldGen       total 68608K, used 28254K [0x00000000c0000000, 0x00000000c4300000, 0x00000000eab00000)
  object space 68608K, 41% used [0x00000000c0000000,0x00000000c1b97ba8,0x00000000c4300000)
 Metaspace       used 42187K, committed 42880K, reserved 1089536K
  class space    used 4560K, committed 4864K, reserved 1048576K
}
Event: 4.716 GC heap before
{Heap before GC invocations=17 (full 2):
 PSYoungGen      total 23040K, used 22720K [0x00000000eab00000, 0x00000000ec500000, 0x0000000100000000)
  eden space 22016K, 100% used [0x00000000eab00000,0x00000000ec080000,0x00000000ec080000)
  from space 1024K, 68% used [0x00000000ec400000,0x00000000ec4b0000,0x00000000ec500000)
  to   space 1536K, 0% used [0x00000000ec200000,0x00000000ec200000,0x00000000ec380000)
 ParOldGen       total 68608K, used 28254K [0x00000000c0000000, 0x00000000c4300000, 0x00000000eab00000)
  object space 68608K, 41% used [0x00000000c0000000,0x00000000c1b97ba8,0x00000000c4300000)
 Metaspace       used 48293K, committed 49088K, reserved 1097728K
  class space    used 5227K, committed 5568K, reserved 1048576K
}
Event: 4.718 GC heap after
{Heap after GC invocations=17 (full 2):
 PSYoungGen      total 23552K, used 1531K [0x00000000eab00000, 0x00000000ec680000, 0x0000000100000000)
  eden space 22016K, 0% used [0x00000000eab00000,0x00000000eab00000,0x00000000ec080000)
  from space 1536K, 99% used [0x00000000ec200000,0x00000000ec37ed00,0x00000000ec380000)
  to   space 3072K, 0% used [0x00000000ec380000,0x00000000ec380000,0x00000000ec680000)
 ParOldGen       total 68608K, used 29038K [0x00000000c0000000, 0x00000000c4300000, 0x00000000eab00000)
  object space 68608K, 42% used [0x00000000c0000000,0x00000000c1c5b8a8,0x00000000c4300000)
 Metaspace       used 48293K, committed 49088K, reserved 1097728K
  class space    used 5227K, committed 5568K, reserved 1048576K
}
Event: 5.049 GC heap before
{Heap before GC invocations=18 (full 2):
 PSYoungGen      total 23552K, used 23547K [0x00000000eab00000, 0x00000000ec680000, 0x0000000100000000)
  eden space 22016K, 100% used [0x00000000eab00000,0x00000000ec080000,0x00000000ec080000)
  from space 1536K, 99% used [0x00000000ec200000,0x00000000ec37ed00,0x00000000ec380000)
  to   space 3072K, 0% used [0x00000000ec380000,0x00000000ec380000,0x00000000ec680000)
 ParOldGen       total 68608K, used 29038K [0x00000000c0000000, 0x00000000c4300000, 0x00000000eab00000)
  object space 68608K, 42% used [0x00000000c0000000,0x00000000c1c5b8a8,0x00000000c4300000)
 Metaspace       used 49822K, committed 50624K, reserved 1097728K
  class space    used 5387K, committed 5760K, reserved 1048576K
}
Event: 5.052 GC heap after
{Heap after GC invocations=18 (full 2):
 PSYoungGen      total 23552K, used 1104K [0x00000000eab00000, 0x00000000ec500000, 0x0000000100000000)
  eden space 22016K, 0% used [0x00000000eab00000,0x00000000eab00000,0x00000000ec080000)
  from space 1536K, 71% used [0x00000000ec380000,0x00000000ec4943c0,0x00000000ec500000)
  to   space 2048K, 0% used [0x00000000ec100000,0x00000000ec100000,0x00000000ec300000)
 ParOldGen       total 68608K, used 30495K [0x00000000c0000000, 0x00000000c4300000, 0x00000000eab00000)
  object space 68608K, 44% used [0x00000000c0000000,0x00000000c1dc7f08,0x00000000c4300000)
 Metaspace       used 49822K, committed 50624K, reserved 1097728K
  class space    used 5387K, committed 5760K, reserved 1048576K
}

