# JRE version: OpenJDK Runtime Environment Temurin-17.0.2+8 (17.0.2+8) (build 17.0.2+8)
# Java VM: OpenJDK 64-Bit Server VM Temurin-17.0.2+8 (17.0.2+8, mixed mode, tiered, compressed oops, compressed class ptrs, parallel gc, windows-amd64)
GC Precious Log:
 CPUs: 12 total, 12 available
 Memory: 16229M
 Large Page Support: Disabled
 NUMA Support: Disabled
 Compressed Oops: Enabled (32-bit)
 Alignments: Space 512K, Generation 512K, Heap 2M
 Heap Min Capacity: 100M
 Heap Initial Capacity: 100M
 Heap Max Capacity: 1G
 Pre-touch: Disabled
 Parallel Workers: 10
Heap:
 PSYoungGen      total 26112K, used 4494K [0x00000000eab00000, 0x00000000eca80000, 0x0000000100000000)
  eden space 22528K, 5% used [0x00000000eab00000,0x00000000eac38bc0,0x00000000ec100000)
  from space 3584K, 90% used [0x00000000ec480000,0x00000000ec7aaf98,0x00000000ec800000)
  to   space 2560K, 0% used [0x00000000ec800000,0x00000000ec800000,0x00000000eca80000)
 ParOldGen       total 68608K, used 23703K [0x00000000c0000000, 0x00000000c4300000, 0x00000000eab00000)
  object space 68608K, 34% used [0x00000000c0000000,0x00000000c1725df8,0x00000000c4300000)
 Metaspace       used 41427K, committed 42112K, reserved 1089536K
  class space    used 4149K, committed 4480K, reserved 1048576K
GC Heap History (20 events):
Event: 3.135 GC heap before
{Heap before GC invocations=4 (full 1):
 PSYoungGen      total 29696K, used 25600K [0x00000000eab00000, 0x00000000ecc00000, 0x0000000100000000)
  eden space 25600K, 100% used [0x00000000eab00000,0x00000000ec400000,0x00000000ec400000)
  from space 4096K, 0% used [0x00000000ec800000,0x00000000ec800000,0x00000000ecc00000)
  to   space 4096K, 0% used [0x00000000ec400000,0x00000000ec400000,0x00000000ec800000)
 ParOldGen       total 68608K, used 6800K [0x00000000c0000000, 0x00000000c4300000, 0x00000000eab00000)
  object space 68608K, 9% used [0x00000000c0000000,0x00000000c06a4000,0x00000000c4300000)
 Metaspace       used 28665K, committed 29248K, reserved 1081344K
  class space    used 2873K, committed 3136K, reserved 1048576K
}
Event: 3.137 GC heap after
{Heap after GC invocations=4 (full 1):
 PSYoungGen      total 29696K, used 1531K [0x00000000eab00000, 0x00000000ecc00000, 0x0000000100000000)
  eden space 25600K, 0% used [0x00000000eab00000,0x00000000eab00000,0x00000000ec400000)
  from space 4096K, 37% used [0x00000000ec400000,0x00000000ec57ef38,0x00000000ec800000)
  to   space 4096K, 0% used [0x00000000ec800000,0x00000000ec800000,0x00000000ecc00000)
 ParOldGen       total 68608K, used 6808K [0x00000000c0000000, 0x00000000c4300000, 0x00000000eab00000)
  object space 68608K, 9% used [0x00000000c0000000,0x00000000c06a6000,0x00000000c4300000)
 Metaspace       used 28665K, committed 29248K, reserved 1081344K
  class space    used 2873K, committed 3136K, reserved 1048576K
}
Event: 3.831 GC heap before
{Heap before GC invocations=5 (full 1):
 PSYoungGen      total 29696K, used 27131K [0x00000000eab00000, 0x00000000ecc00000, 0x0000000100000000)
  eden space 25600K, 100% used [0x00000000eab00000,0x00000000ec400000,0x00000000ec400000)
  from space 4096K, 37% used [0x00000000ec400000,0x00000000ec57ef38,0x00000000ec800000)
  to   space 4096K, 0% used [0x00000000ec800000,0x00000000ec800000,0x00000000ecc00000)
 ParOldGen       total 68608K, used 6808K [0x00000000c0000000, 0x00000000c4300000, 0x00000000eab00000)
  object space 68608K, 9% used [0x00000000c0000000,0x00000000c06a6000,0x00000000c4300000)
 Metaspace       used 32488K, committed 33088K, reserved 1081344K
  class space    used 3303K, committed 3584K, reserved 1048576K
}
Event: 3.834 GC heap after
{Heap after GC invocations=5 (full 1):
 PSYoungGen      total 29696K, used 4064K [0x00000000eab00000, 0x00000000ecc00000, 0x0000000100000000)
  eden space 25600K, 0% used [0x00000000eab00000,0x00000000eab00000,0x00000000ec400000)
  from space 4096K, 99% used [0x00000000ec800000,0x00000000ecbf80f0,0x00000000ecc00000)
  to   space 4096K, 0% used [0x00000000ec400000,0x00000000ec400000,0x00000000ec800000)
 ParOldGen       total 68608K, used 6824K [0x00000000c0000000, 0x00000000c4300000, 0x00000000eab00000)
  object space 68608K, 9% used [0x00000000c0000000,0x00000000c06aa000,0x00000000c4300000)
 Metaspace       used 32488K, committed 33088K, reserved 1081344K
  class space    used 3303K, committed 3584K, reserved 1048576K
}
Event: 4.009 GC heap before
{Heap before GC invocations=6 (full 1):
 PSYoungGen      total 29696K, used 29664K [0x00000000eab00000, 0x00000000ecc00000, 0x0000000100000000)
  eden space 25600K, 100% used [0x00000000eab00000,0x00000000ec400000,0x00000000ec400000)
  from space 4096K, 99% used [0x00000000ec800000,0x00000000ecbf80f0,0x00000000ecc00000)
  to   space 4096K, 0% used [0x00000000ec400000,0x00000000ec400000,0x00000000ec800000)
 ParOldGen       total 68608K, used 6824K [0x00000000c0000000, 0x00000000c4300000, 0x00000000eab00000)
  object space 68608K, 9% used [0x00000000c0000000,0x00000000c06aa000,0x00000000c4300000)
 Metaspace       used 32660K, committed 33280K, reserved 1081344K
  class space    used 3321K, committed 3648K, reserved 1048576K
}
Event: 4.015 GC heap after
{Heap after GC invocations=6 (full 1):
 PSYoungGen      total 29184K, used 4083K [0x00000000eab00000, 0x00000000ed080000, 0x0000000100000000)
  eden space 25088K, 0% used [0x00000000eab00000,0x00000000eab00000,0x00000000ec380000)
  from space 4096K, 99% used [0x00000000ec400000,0x00000000ec7fcf70,0x00000000ec800000)
  to   space 6656K, 0% used [0x00000000eca00000,0x00000000eca00000,0x00000000ed080000)
 ParOldGen       total 68608K, used 8848K [0x00000000c0000000, 0x00000000c4300000, 0x00000000eab00000)
  object space 68608K, 12% used [0x00000000c0000000,0x00000000c08a4040,0x00000000c4300000)
 Metaspace       used 32660K, committed 33280K, reserved 1081344K
  class space    used 3321K, committed 3648K, reserved 1048576K
}
Event: 4.132 GC heap before
{Heap before GC invocations=7 (full 1):
 PSYoungGen      total 29184K, used 29171K [0x00000000eab00000, 0x00000000ed080000, 0x0000000100000000)
  eden space 25088K, 100% used [0x00000000eab00000,0x00000000ec380000,0x00000000ec380000)
  from space 4096K, 99% used [0x00000000ec400000,0x00000000ec7fcf70,0x00000000ec800000)
  to   space 6656K, 0% used [0x00000000eca00000,0x00000000eca00000,0x00000000ed080000)
 ParOldGen       total 68608K, used 8848K [0x00000000c0000000, 0x00000000c4300000, 0x00000000eab00000)
  object space 68608K, 12% used [0x00000000c0000000,0x00000000c08a4040,0x00000000c4300000)
 Metaspace       used 32704K, committed 33280K, reserved 1081344K
  class space    used 3322K, committed 3648K, reserved 1048576K
}
Event: 4.136 GC heap after
{Heap after GC invocations=7 (full 1):
 PSYoungGen      total 31232K, used 6471K [0x00000000eab00000, 0x00000000ed080000, 0x0000000100000000)
  eden space 24576K, 0% used [0x00000000eab00000,0x00000000eab00000,0x00000000ec300000)
  from space 6656K, 97% used [0x00000000eca00000,0x00000000ed051fa8,0x00000000ed080000)
  to   space 6656K, 0% used [0x00000000ec380000,0x00000000ec380000,0x00000000eca00000)
 ParOldGen       total 68608K, used 8856K [0x00000000c0000000, 0x00000000c4300000, 0x00000000eab00000)
  object space 68608K, 12% used [0x00000000c0000000,0x00000000c08a6040,0x00000000c4300000)
 Metaspace       used 32704K, committed 33280K, reserved 1081344K
  class space    used 3322K, committed 3648K, reserved 1048576K
}
Event: 4.211 GC heap before
{Heap before GC invocations=8 (full 1):
 PSYoungGen      total 31232K, used 31047K [0x00000000eab00000, 0x00000000ed080000, 0x0000000100000000)
  eden space 24576K, 100% used [0x00000000eab00000,0x00000000ec300000,0x00000000ec300000)
  from space 6656K, 97% used [0x00000000eca00000,0x00000000ed051fa8,0x00000000ed080000)
  to   space 6656K, 0% used [0x00000000ec380000,0x00000000ec380000,0x00000000eca00000)
 ParOldGen       total 68608K, used 8856K [0x00000000c0000000, 0x00000000c4300000, 0x00000000eab00000)
  object space 68608K, 12% used [0x00000000c0000000,0x00000000c08a6040,0x00000000c4300000)
 Metaspace       used 32752K, committed 33344K, reserved 1081344K
  class space    used 3334K, committed 3648K, reserved 1048576K
}
Event: 4.216 GC heap after
{Heap after GC invocations=8 (full 1):
 PSYoungGen      total 30720K, used 6624K [0x00000000eab00000, 0x00000000ed580000, 0x0000000100000000)
  eden space 24064K, 0% used [0x00000000eab00000,0x00000000eab00000,0x00000000ec280000)
  from space 6656K, 99% used [0x00000000ec380000,0x00000000ec9f80f0,0x00000000eca00000)
  to   space 9728K, 0% used [0x00000000ecc00000,0x00000000ecc00000,0x00000000ed580000)
 ParOldGen       total 68608K, used 11263K [0x00000000c0000000, 0x00000000c4300000, 0x00000000eab00000)
  object space 68608K, 16% used [0x00000000c0000000,0x00000000c0afff58,0x00000000c4300000)
 Metaspace       used 32752K, committed 33344K, reserved 1081344K
  class space    used 3334K, committed 3648K, reserved 1048576K
}
Event: 4.280 GC heap before
{Heap before GC invocations=9 (full 1):
 PSYoungGen      total 30720K, used 30688K [0x00000000eab00000, 0x00000000ed580000, 0x0000000100000000)
  eden space 24064K, 100% used [0x00000000eab00000,0x00000000ec280000,0x00000000ec280000)
  from space 6656K, 99% used [0x00000000ec380000,0x00000000ec9f80f0,0x00000000eca00000)
  to   space 9728K, 0% used [0x00000000ecc00000,0x00000000ecc00000,0x00000000ed580000)
 ParOldGen       total 68608K, used 11263K [0x00000000c0000000, 0x00000000c4300000, 0x00000000eab00000)
  object space 68608K, 16% used [0x00000000c0000000,0x00000000c0afff58,0x00000000c4300000)
 Metaspace       used 32752K, committed 33344K, reserved 1081344K
  class space    used 3334K, committed 3648K, reserved 1048576K
}
Event: 4.285 GC heap after
{Heap after GC invocations=9 (full 1):
 PSYoungGen      total 31232K, used 7251K [0x00000000eab00000, 0x00000000ed380000, 0x0000000100000000)
  eden space 23552K, 0% used [0x00000000eab00000,0x00000000eab00000,0x00000000ec200000)
  from space 7680K, 94% used [0x00000000ecc00000,0x00000000ed314f70,0x00000000ed380000)
  to   space 8192K, 0% used [0x00000000ec380000,0x00000000ec380000,0x00000000ecb80000)
 ParOldGen       total 68608K, used 13267K [0x00000000c0000000, 0x00000000c4300000, 0x00000000eab00000)
  object space 68608K, 19% used [0x00000000c0000000,0x00000000c0cf4c70,0x00000000c4300000)
 Metaspace       used 32752K, committed 33344K, reserved 1081344K
  class space    used 3334K, committed 3648K, reserved 1048576K
}
Event: 4.346 GC heap before
{Heap before GC invocations=10 (full 1):
 PSYoungGen      total 31232K, used 30803K [0x00000000eab00000, 0x00000000ed380000, 0x0000000100000000)
  eden space 23552K, 100% used [0x00000000eab00000,0x00000000ec200000,0x00000000ec200000)
  from space 7680K, 94% used [0x00000000ecc00000,0x00000000ed314f70,0x00000000ed380000)
  to   space 8192K, 0% used [0x00000000ec380000,0x00000000ec380000,0x00000000ecb80000)
 ParOldGen       total 68608K, used 13267K [0x00000000c0000000, 0x00000000c4300000, 0x00000000eab00000)
  object space 68608K, 19% used [0x00000000c0000000,0x00000000c0cf4c70,0x00000000c4300000)
 Metaspace       used 32752K, committed 33344K, reserved 1081344K
  class space    used 3334K, committed 3648K, reserved 1048576K
}
Event: 4.351 GC heap after
{Heap after GC invocations=10 (full 1):
 PSYoungGen      total 29696K, used 6592K [0x00000000eab00000, 0x00000000ecf80000, 0x0000000100000000)
  eden space 23040K, 0% used [0x00000000eab00000,0x00000000eab00000,0x00000000ec180000)
  from space 6656K, 99% used [0x00000000ec380000,0x00000000ec9f0010,0x00000000eca00000)
  to   space 5632K, 0% used [0x00000000eca00000,0x00000000eca00000,0x00000000ecf80000)
 ParOldGen       total 68608K, used 16110K [0x00000000c0000000, 0x00000000c4300000, 0x00000000eab00000)
  object space 68608K, 23% used [0x00000000c0000000,0x00000000c0fbbbd0,0x00000000c4300000)
 Metaspace       used 32752K, committed 33344K, reserved 1081344K
  class space    used 3334K, committed 3648K, reserved 1048576K
}
Event: 4.843 GC heap before
{Heap before GC invocations=11 (full 1):
 PSYoungGen      total 29696K, used 17789K [0x00000000eab00000, 0x00000000ecf80000, 0x0000000100000000)
  eden space 23040K, 48% used [0x00000000eab00000,0x00000000eb5ef758,0x00000000ec180000)
  from space 6656K, 99% used [0x00000000ec380000,0x00000000ec9f0010,0x00000000eca00000)
  to   space 5632K, 0% used [0x00000000eca00000,0x00000000eca00000,0x00000000ecf80000)
 ParOldGen       total 68608K, used 16110K [0x00000000c0000000, 0x00000000c4300000, 0x00000000eab00000)
  object space 68608K, 23% used [0x00000000c0000000,0x00000000c0fbbbd0,0x00000000c4300000)
 Metaspace       used 35262K, committed 35840K, reserved 1089536K
  class space    used 3617K, committed 3904K, reserved 1048576K
}
Event: 4.850 GC heap after
{Heap after GC invocations=11 (full 1):
 PSYoungGen      total 27648K, used 4107K [0x00000000eab00000, 0x00000000ece80000, 0x0000000100000000)
  eden space 23040K, 0% used [0x00000000eab00000,0x00000000eab00000,0x00000000ec180000)
  from space 4608K, 89% used [0x00000000eca00000,0x00000000ece02c58,0x00000000ece80000)
  to   space 5120K, 0% used [0x00000000ec480000,0x00000000ec480000,0x00000000ec980000)
 ParOldGen       total 68608K, used 20501K [0x00000000c0000000, 0x00000000c4300000, 0x00000000eab00000)
  object space 68608K, 29% used [0x00000000c0000000,0x00000000c1405680,0x00000000c4300000)
 Metaspace       used 35262K, committed 35840K, reserved 1089536K
  class space    used 3617K, committed 3904K, reserved 1048576K
}
Event: 4.850 GC heap before
{Heap before GC invocations=12 (full 2):
 PSYoungGen      total 27648K, used 4107K [0x00000000eab00000, 0x00000000ece80000, 0x0000000100000000)
  eden space 23040K, 0% used [0x00000000eab00000,0x00000000eab00000,0x00000000ec180000)
  from space 4608K, 89% used [0x00000000eca00000,0x00000000ece02c58,0x00000000ece80000)
  to   space 5120K, 0% used [0x00000000ec480000,0x00000000ec480000,0x00000000ec980000)
 ParOldGen       total 68608K, used 20501K [0x00000000c0000000, 0x00000000c4300000, 0x00000000eab00000)
  object space 68608K, 29% used [0x00000000c0000000,0x00000000c1405680,0x00000000c4300000)
 Metaspace       used 35262K, committed 35840K, reserved 1089536K
  class space    used 3617K, committed 3904K, reserved 1048576K
}
Event: 4.900 GC heap after
{Heap after GC invocations=12 (full 2):
 PSYoungGen      total 27648K, used 0K [0x00000000eab00000, 0x00000000ece80000, 0x0000000100000000)
  eden space 23040K, 0% used [0x00000000eab00000,0x00000000eab00000,0x00000000ec180000)
  from space 4608K, 0% used [0x00000000eca00000,0x00000000eca00000,0x00000000ece80000)
  to   space 5120K, 0% used [0x00000000ec480000,0x00000000ec480000,0x00000000ec980000)
 ParOldGen       total 68608K, used 23695K [0x00000000c0000000, 0x00000000c4300000, 0x00000000eab00000)
  object space 68608K, 34% used [0x00000000c0000000,0x00000000c1723df8,0x00000000c4300000)
 Metaspace       used 35262K, committed 35840K, reserved 1089536K
  class space    used 3617K, committed 3904K, reserved 1048576K
}
Event: 6.670 GC heap before
{Heap before GC invocations=13 (full 2):
 PSYoungGen      total 27648K, used 23040K [0x00000000eab00000, 0x00000000ece80000, 0x0000000100000000)
  eden space 23040K, 100% used [0x00000000eab00000,0x00000000ec180000,0x00000000ec180000)
  from space 4608K, 0% used [0x00000000eca00000,0x00000000eca00000,0x00000000ece80000)
  to   space 5120K, 0% used [0x00000000ec480000,0x00000000ec480000,0x00000000ec980000)
 ParOldGen       total 68608K, used 23695K [0x00000000c0000000, 0x00000000c4300000, 0x00000000eab00000)
  object space 68608K, 34% used [0x00000000c0000000,0x00000000c1723df8,0x00000000c4300000)
 Metaspace       used 41317K, committed 41984K, reserved 1089536K
  class space    used 4145K, committed 4480K, reserved 1048576K
}
Event: 6.673 GC heap after
{Heap after GC invocations=13 (full 2):
 PSYoungGen      total 26112K, used 3243K [0x00000000eab00000, 0x00000000eca80000, 0x0000000100000000)
  eden space 22528K, 0% used [0x00000000eab00000,0x00000000eab00000,0x00000000ec100000)
  from space 3584K, 90% used [0x00000000ec480000,0x00000000ec7aaf98,0x00000000ec800000)
  to   space 2560K, 0% used [0x00000000ec800000,0x00000000ec800000,0x00000000eca80000)
 ParOldGen       total 68608K, used 23703K [0x00000000c0000000, 0x00000000c4300000, 0x00000000eab00000)
  object space 68608K, 34% used [0x00000000c0000000,0x00000000c1725df8,0x00000000c4300000)
 Metaspace       used 41317K, committed 41984K, reserved 1089536K
  class space    used 4145K, committed 4480K, reserved 1048576K
}

