# JRE version: OpenJDK Runtime Environment Temurin-17.0.2+8 (17.0.2+8) (build 17.0.2+8)
# Java VM: OpenJDK 64-Bit Server VM Temurin-17.0.2+8 (17.0.2+8, mixed mode, tiered, compressed oops, compressed class ptrs, parallel gc, windows-amd64)
GC Precious Log:
 CPUs: 12 total, 12 available
 Memory: 16229M
 Large Page Support: Disabled
 NUMA Support: Disabled
 Compressed Oops: Enabled (32-bit)
 Alignments: Space 512K, Generation 512K, Heap 2M
 Heap Min Capacity: 100M
 Heap Initial Capacity: 100M
 Heap Max Capacity: 1G
 Pre-touch: Disabled
 Parallel Workers: 10
Heap:
 PSYoungGen      total 20992K, used 4565K [0x00000000eab00000, 0x00000000ec300000, 0x0000000100000000)
  eden space 18432K, 24% used [0x00000000eab00000,0x00000000eaf75608,0x00000000ebd00000)
  from space 2560K, 0% used [0x00000000ec080000,0x00000000ec080000,0x00000000ec300000)
  to   space 3072K, 0% used [0x00000000ebd00000,0x00000000ebd00000,0x00000000ec000000)
 ParOldGen       total 87552K, used 62928K [0x00000000c0000000, 0x00000000c5580000, 0x00000000eab00000)
  object space 87552K, 71% used [0x00000000c0000000,0x00000000c3d74088,0x00000000c5580000)
 Metaspace       used 60236K, committed 61120K, reserved 1105920K
  class space    used 6308K, committed 6720K, reserved 1048576K
GC Heap History (20 events):
Event: 8.209 GC heap after
{Heap after GC invocations=19 (full 2):
 PSYoungGen      total 22016K, used 976K [0x00000000eab00000, 0x00000000ec280000, 0x0000000100000000)
  eden space 20992K, 0% used [0x00000000eab00000,0x00000000eab00000,0x00000000ebf80000)
  from space 1024K, 95% used [0x00000000ec080000,0x00000000ec174010,0x00000000ec180000)
  to   space 1024K, 0% used [0x00000000ec180000,0x00000000ec180000,0x00000000ec280000)
 ParOldGen       total 68608K, used 32325K [0x00000000c0000000, 0x00000000c4300000, 0x00000000eab00000)
  object space 68608K, 47% used [0x00000000c0000000,0x00000000c1f91788,0x00000000c4300000)
 Metaspace       used 52381K, committed 53184K, reserved 1097728K
  class space    used 5642K, committed 6016K, reserved 1048576K
}
Event: 8.347 GC heap before
{Heap before GC invocations=20 (full 2):
 PSYoungGen      total 22016K, used 21968K [0x00000000eab00000, 0x00000000ec280000, 0x0000000100000000)
  eden space 20992K, 100% used [0x00000000eab00000,0x00000000ebf80000,0x00000000ebf80000)
  from space 1024K, 95% used [0x00000000ec080000,0x00000000ec174010,0x00000000ec180000)
  to   space 1024K, 0% used [0x00000000ec180000,0x00000000ec180000,0x00000000ec280000)
 ParOldGen       total 68608K, used 32325K [0x00000000c0000000, 0x00000000c4300000, 0x00000000eab00000)
  object space 68608K, 47% used [0x00000000c0000000,0x00000000c1f91788,0x00000000c4300000)
 Metaspace       used 52669K, committed 53504K, reserved 1097728K
  class space    used 5686K, committed 6080K, reserved 1048576K
}
Event: 8.349 GC heap after
{Heap after GC invocations=20 (full 2):
 PSYoungGen      total 22016K, used 773K [0x00000000eab00000, 0x00000000ec280000, 0x0000000100000000)
  eden space 20992K, 0% used [0x00000000eab00000,0x00000000eab00000,0x00000000ebf80000)
  from space 1024K, 75% used [0x00000000ec180000,0x00000000ec2415a0,0x00000000ec280000)
  to   space 1024K, 0% used [0x00000000ec080000,0x00000000ec080000,0x00000000ec180000)
 ParOldGen       total 68608K, used 32915K [0x00000000c0000000, 0x00000000c4300000, 0x00000000eab00000)
  object space 68608K, 47% used [0x00000000c0000000,0x00000000c2024f68,0x00000000c4300000)
 Metaspace       used 52669K, committed 53504K, reserved 1097728K
  class space    used 5686K, committed 6080K, reserved 1048576K
}
Event: 8.563 GC heap before
{Heap before GC invocations=21 (full 2):
 PSYoungGen      total 22016K, used 21757K [0x00000000eab00000, 0x00000000ec280000, 0x0000000100000000)
  eden space 20992K, 99% used [0x00000000eab00000,0x00000000ebf7e1b8,0x00000000ebf80000)
  from space 1024K, 75% used [0x00000000ec180000,0x00000000ec2415a0,0x00000000ec280000)
  to   space 1024K, 0% used [0x00000000ec080000,0x00000000ec080000,0x00000000ec180000)
 ParOldGen       total 68608K, used 32915K [0x00000000c0000000, 0x00000000c4300000, 0x00000000eab00000)
  object space 68608K, 47% used [0x00000000c0000000,0x00000000c2024f68,0x00000000c4300000)
 Metaspace       used 53689K, committed 54528K, reserved 1097728K
  class space    used 5787K, committed 6144K, reserved 1048576K
}
Event: 8.566 GC heap after
{Heap after GC invocations=21 (full 2):
 PSYoungGen      total 22016K, used 993K [0x00000000eab00000, 0x00000000ec580000, 0x0000000100000000)
  eden space 20992K, 0% used [0x00000000eab00000,0x00000000eab00000,0x00000000ebf80000)
  from space 1024K, 96% used [0x00000000ec080000,0x00000000ec178420,0x00000000ec180000)
  to   space 3072K, 0% used [0x00000000ec280000,0x00000000ec280000,0x00000000ec580000)
 ParOldGen       total 68608K, used 34622K [0x00000000c0000000, 0x00000000c4300000, 0x00000000eab00000)
  object space 68608K, 50% used [0x00000000c0000000,0x00000000c21cf8f8,0x00000000c4300000)
 Metaspace       used 53689K, committed 54528K, reserved 1097728K
  class space    used 5787K, committed 6144K, reserved 1048576K
}
Event: 9.015 GC heap before
{Heap before GC invocations=22 (full 2):
 PSYoungGen      total 22016K, used 21985K [0x00000000eab00000, 0x00000000ec580000, 0x0000000100000000)
  eden space 20992K, 100% used [0x00000000eab00000,0x00000000ebf80000,0x00000000ebf80000)
  from space 1024K, 96% used [0x00000000ec080000,0x00000000ec178420,0x00000000ec180000)
  to   space 3072K, 0% used [0x00000000ec280000,0x00000000ec280000,0x00000000ec580000)
 ParOldGen       total 68608K, used 34622K [0x00000000c0000000, 0x00000000c4300000, 0x00000000eab00000)
  object space 68608K, 50% used [0x00000000c0000000,0x00000000c21cf8f8,0x00000000c4300000)
 Metaspace       used 56909K, committed 57728K, reserved 1105920K
  class space    used 6015K, committed 6400K, reserved 1048576K
}
Event: 9.019 GC heap after
{Heap after GC invocations=22 (full 2):
 PSYoungGen      total 21504K, used 3064K [0x00000000eab00000, 0x00000000eca80000, 0x0000000100000000)
  eden space 18432K, 0% used [0x00000000eab00000,0x00000000eab00000,0x00000000ebd00000)
  from space 3072K, 99% used [0x00000000ec280000,0x00000000ec57e338,0x00000000ec580000)
  to   space 5632K, 0% used [0x00000000ebd00000,0x00000000ebd00000,0x00000000ec280000)
 ParOldGen       total 68608K, used 36667K [0x00000000c0000000, 0x00000000c4300000, 0x00000000eab00000)
  object space 68608K, 53% used [0x00000000c0000000,0x00000000c23ced90,0x00000000c4300000)
 Metaspace       used 56909K, committed 57728K, reserved 1105920K
  class space    used 6015K, committed 6400K, reserved 1048576K
}
Event: 9.426 GC heap before
{Heap before GC invocations=23 (full 2):
 PSYoungGen      total 21504K, used 21496K [0x00000000eab00000, 0x00000000eca80000, 0x0000000100000000)
  eden space 18432K, 100% used [0x00000000eab00000,0x00000000ebd00000,0x00000000ebd00000)
  from space 3072K, 99% used [0x00000000ec280000,0x00000000ec57e338,0x00000000ec580000)
  to   space 5632K, 0% used [0x00000000ebd00000,0x00000000ebd00000,0x00000000ec280000)
 ParOldGen       total 68608K, used 36667K [0x00000000c0000000, 0x00000000c4300000, 0x00000000eab00000)
  object space 68608K, 53% used [0x00000000c0000000,0x00000000c23ced90,0x00000000c4300000)
 Metaspace       used 58529K, committed 59328K, reserved 1105920K
  class space    used 6131K, committed 6464K, reserved 1048576K
}
Event: 9.431 GC heap after
{Heap after GC invocations=23 (full 2):
 PSYoungGen      total 22528K, used 3962K [0x00000000eab00000, 0x00000000ec600000, 0x0000000100000000)
  eden space 18432K, 0% used [0x00000000eab00000,0x00000000eab00000,0x00000000ebd00000)
  from space 4096K, 96% used [0x00000000ebd00000,0x00000000ec0dea30,0x00000000ec100000)
  to   space 4608K, 0% used [0x00000000ec180000,0x00000000ec180000,0x00000000ec600000)
 ParOldGen       total 68608K, used 39712K [0x00000000c0000000, 0x00000000c4300000, 0x00000000eab00000)
  object space 68608K, 57% used [0x00000000c0000000,0x00000000c26c8160,0x00000000c4300000)
 Metaspace       used 58529K, committed 59328K, reserved 1105920K
  class space    used 6131K, committed 6464K, reserved 1048576K
}
Event: 9.568 GC heap before
{Heap before GC invocations=24 (full 2):
 PSYoungGen      total 22528K, used 11033K [0x00000000eab00000, 0x00000000ec600000, 0x0000000100000000)
  eden space 18432K, 38% used [0x00000000eab00000,0x00000000eb1e7b08,0x00000000ebd00000)
  from space 4096K, 96% used [0x00000000ebd00000,0x00000000ec0dea30,0x00000000ec100000)
  to   space 4608K, 0% used [0x00000000ec180000,0x00000000ec180000,0x00000000ec600000)
 ParOldGen       total 68608K, used 39712K [0x00000000c0000000, 0x00000000c4300000, 0x00000000eab00000)
  object space 68608K, 57% used [0x00000000c0000000,0x00000000c26c8160,0x00000000c4300000)
 Metaspace       used 58969K, committed 59776K, reserved 1105920K
  class space    used 6182K, committed 6528K, reserved 1048576K
}
Event: 9.572 GC heap after
{Heap after GC invocations=24 (full 2):
 PSYoungGen      total 20480K, used 1705K [0x00000000eab00000, 0x00000000ec380000, 0x0000000100000000)
  eden space 18432K, 0% used [0x00000000eab00000,0x00000000eab00000,0x00000000ebd00000)
  from space 2048K, 83% used [0x00000000ec180000,0x00000000ec32a780,0x00000000ec380000)
  to   space 3072K, 0% used [0x00000000ebd80000,0x00000000ebd80000,0x00000000ec080000)
 ParOldGen       total 68608K, used 42678K [0x00000000c0000000, 0x00000000c4300000, 0x00000000eab00000)
  object space 68608K, 62% used [0x00000000c0000000,0x00000000c29adab0,0x00000000c4300000)
 Metaspace       used 58969K, committed 59776K, reserved 1105920K
  class space    used 6182K, committed 6528K, reserved 1048576K
}
Event: 9.572 GC heap before
{Heap before GC invocations=25 (full 3):
 PSYoungGen      total 20480K, used 1705K [0x00000000eab00000, 0x00000000ec380000, 0x0000000100000000)
  eden space 18432K, 0% used [0x00000000eab00000,0x00000000eab00000,0x00000000ebd00000)
  from space 2048K, 83% used [0x00000000ec180000,0x00000000ec32a780,0x00000000ec380000)
  to   space 3072K, 0% used [0x00000000ebd80000,0x00000000ebd80000,0x00000000ec080000)
 ParOldGen       total 68608K, used 42678K [0x00000000c0000000, 0x00000000c4300000, 0x00000000eab00000)
  object space 68608K, 62% used [0x00000000c0000000,0x00000000c29adab0,0x00000000c4300000)
 Metaspace       used 58969K, committed 59776K, reserved 1105920K
  class space    used 6182K, committed 6528K, reserved 1048576K
}
Event: 9.645 GC heap after
{Heap after GC invocations=25 (full 3):
 PSYoungGen      total 20480K, used 0K [0x00000000eab00000, 0x00000000ec380000, 0x0000000100000000)
  eden space 18432K, 0% used [0x00000000eab00000,0x00000000eab00000,0x00000000ebd00000)
  from space 2048K, 0% used [0x00000000ec180000,0x00000000ec180000,0x00000000ec380000)
  to   space 3072K, 0% used [0x00000000ebd80000,0x00000000ebd80000,0x00000000ec080000)
 ParOldGen       total 68608K, used 36164K [0x00000000c0000000, 0x00000000c4300000, 0x00000000eab00000)
  object space 68608K, 52% used [0x00000000c0000000,0x00000000c23511d8,0x00000000c4300000)
 Metaspace       used 58969K, committed 59776K, reserved 1105920K
  class space    used 6182K, committed 6528K, reserved 1048576K
}
Event: 9.785 GC heap before
{Heap before GC invocations=26 (full 3):
 PSYoungGen      total 20480K, used 17687K [0x00000000eab00000, 0x00000000ec380000, 0x0000000100000000)
  eden space 18432K, 95% used [0x00000000eab00000,0x00000000ebc45ef8,0x00000000ebd00000)
  from space 2048K, 0% used [0x00000000ec180000,0x00000000ec180000,0x00000000ec380000)
  to   space 3072K, 0% used [0x00000000ebd80000,0x00000000ebd80000,0x00000000ec080000)
 ParOldGen       total 68608K, used 36164K [0x00000000c0000000, 0x00000000c4300000, 0x00000000eab00000)
  object space 68608K, 52% used [0x00000000c0000000,0x00000000c23511d8,0x00000000c4300000)
 Metaspace       used 59708K, committed 60608K, reserved 1105920K
  class space    used 6259K, committed 6656K, reserved 1048576K
}
Event: 9.786 GC heap after
{Heap after GC invocations=26 (full 3):
 PSYoungGen      total 21504K, used 3052K [0x00000000eab00000, 0x00000000ec400000, 0x0000000100000000)
  eden space 18432K, 0% used [0x00000000eab00000,0x00000000eab00000,0x00000000ebd00000)
  from space 3072K, 99% used [0x00000000ebd80000,0x00000000ec07b358,0x00000000ec080000)
  to   space 3584K, 0% used [0x00000000ec080000,0x00000000ec080000,0x00000000ec400000)
 ParOldGen       total 68608K, used 36300K [0x00000000c0000000, 0x00000000c4300000, 0x00000000eab00000)
  object space 68608K, 52% used [0x00000000c0000000,0x00000000c23731d8,0x00000000c4300000)
 Metaspace       used 59708K, committed 60608K, reserved 1105920K
  class space    used 6259K, committed 6656K, reserved 1048576K
}
Event: 9.880 GC heap before
{Heap before GC invocations=27 (full 3):
 PSYoungGen      total 21504K, used 21484K [0x00000000eab00000, 0x00000000ec400000, 0x0000000100000000)
  eden space 18432K, 100% used [0x00000000eab00000,0x00000000ebd00000,0x00000000ebd00000)
  from space 3072K, 99% used [0x00000000ebd80000,0x00000000ec07b358,0x00000000ec080000)
  to   space 3584K, 0% used [0x00000000ec080000,0x00000000ec080000,0x00000000ec400000)
 ParOldGen       total 79872K, used 73639K [0x00000000c0000000, 0x00000000c4e00000, 0x00000000eab00000)
  object space 79872K, 92% used [0x00000000c0000000,0x00000000c47e9d28,0x00000000c4e00000)
 Metaspace       used 60236K, committed 61120K, reserved 1105920K
  class space    used 6308K, committed 6720K, reserved 1048576K
}
Event: 9.882 GC heap after
{Heap after GC invocations=27 (full 3):
 PSYoungGen      total 20992K, used 2518K [0x00000000eab00000, 0x00000000ec300000, 0x0000000100000000)
  eden space 18432K, 0% used [0x00000000eab00000,0x00000000eab00000,0x00000000ebd00000)
  from space 2560K, 98% used [0x00000000ec080000,0x00000000ec2f5988,0x00000000ec300000)
  to   space 3072K, 0% used [0x00000000ebd00000,0x00000000ebd00000,0x00000000ec000000)
 ParOldGen       total 79872K, used 74869K [0x00000000c0000000, 0x00000000c4e00000, 0x00000000eab00000)
  object space 79872K, 93% used [0x00000000c0000000,0x00000000c491d6d8,0x00000000c4e00000)
 Metaspace       used 60236K, committed 61120K, reserved 1105920K
  class space    used 6308K, committed 6720K, reserved 1048576K
}
Event: 9.980 GC heap before
{Heap before GC invocations=28 (full 3):
 PSYoungGen      total 20992K, used 20950K [0x00000000eab00000, 0x00000000ec300000, 0x0000000100000000)
  eden space 18432K, 100% used [0x00000000eab00000,0x00000000ebd00000,0x00000000ebd00000)
  from space 2560K, 98% used [0x00000000ec080000,0x00000000ec2f5988,0x00000000ec300000)
  to   space 3072K, 0% used [0x00000000ebd00000,0x00000000ebd00000,0x00000000ec000000)
 ParOldGen       total 79872K, used 74869K [0x00000000c0000000, 0x00000000c4e00000, 0x00000000eab00000)
  object space 79872K, 93% used [0x00000000c0000000,0x00000000c491d6d8,0x00000000c4e00000)
 Metaspace       used 60236K, committed 61120K, reserved 1105920K
  class space    used 6308K, committed 6720K, reserved 1048576K
}
Event: 9.990 GC heap after
{Heap after GC invocations=28 (full 3):
 PSYoungGen      total 21504K, used 3072K [0x00000000eab00000, 0x00000000ec300000, 0x0000000100000000)
  eden space 18432K, 0% used [0x00000000eab00000,0x00000000eab00000,0x00000000ebd00000)
  from space 3072K, 100% used [0x00000000ebd00000,0x00000000ec000000,0x00000000ec000000)
  to   space 2560K, 0% used [0x00000000ec080000,0x00000000ec080000,0x00000000ec300000)
 ParOldGen       total 87552K, used 87155K [0x00000000c0000000, 0x00000000c5580000, 0x00000000eab00000)
  object space 87552K, 99% used [0x00000000c0000000,0x00000000c551cc60,0x00000000c5580000)
 Metaspace       used 60236K, committed 61120K, reserved 1105920K
  class space    used 6308K, committed 6720K, reserved 1048576K
}
Event: 9.990 GC heap before
{Heap before GC invocations=29 (full 4):
 PSYoungGen      total 21504K, used 3072K [0x00000000eab00000, 0x00000000ec300000, 0x0000000100000000)
  eden space 18432K, 0% used [0x00000000eab00000,0x00000000eab00000,0x00000000ebd00000)
  from space 3072K, 100% used [0x00000000ebd00000,0x00000000ec000000,0x00000000ec000000)
  to   space 2560K, 0% used [0x00000000ec080000,0x00000000ec080000,0x00000000ec300000)
 ParOldGen       total 87552K, used 87155K [0x00000000c0000000, 0x00000000c5580000, 0x00000000eab00000)
  object space 87552K, 99% used [0x00000000c0000000,0x00000000c551cc60,0x00000000c5580000)
 Metaspace       used 60236K, committed 61120K, reserved 1105920K
  class space    used 6308K, committed 6720K, reserved 1048576K
}

